<?xml version="1.0" encoding="UTF-8"?>
<!-- Generated by org.testng.reporters.JUnitXMLReporter -->
<testsuite ignored="3" hostname="CHINNA" failures="0" tests="4" name="FirefoxTest" time="26.126" errors="0" timestamp="2026-04-14T18:49:56 IST">
  <testcase classname="tests.LoginTest" name="testLoginPageFactory" time="0.421"/>
  <testcase classname="tests.TC2" name="testFullFlowPageFactory" time="0.671"/>
  <testcase classname="tests.TC3" name="testFullCheckoutFlowPageFactory" time="1.261"/>
  <testcase classname="tests.TC4" name="testFullCheckoutFlow" time="3.184"/>
  <testcase classname="base.BaseTest" name="@AfterSuite generateReport" time="0.0">
    <ignored/>
  </testcase> <!-- @AfterSuite generateReport -->
  <testcase classname="base.BaseTest" name="@AfterSuite generateReport" time="0.0">
    <ignored/>
  </testcase> <!-- @AfterSuite generateReport -->
  <testcase classname="base.BaseTest" name="@AfterSuite generateReport" time="0.0">
    <ignored/>
  </testcase> <!-- @AfterSuite generateReport -->
</testsuite> <!-- FirefoxTest -->
