<?xml version="1.0" encoding="UTF-8"?>
<testng-results ignored="0" total="4" passed="4" failed="0" skipped="0">
  <reporter-output>
  </reporter-output>
  <suite started-at="2026-04-14T18:49:30 IST" name="SauceDemoSuite" finished-at="2026-04-14T18:49:56 IST" duration-ms="26126">
    <groups>
    </groups>
    <test started-at="2026-04-14T18:49:30 IST" name="FirefoxTest" finished-at="2026-04-14T18:49:56 IST" duration-ms="26126">
      <class name="tests.LoginTest">
        <test-method is-config="true" signature="setUp()[pri:0, instance:tests.LoginTest@4d5d943d]" started-at="2026-04-14T18:49:30 IST" name="setUp" finished-at="2026-04-14T18:49:35 IST" duration-ms="4555" status="PASS">
          <reporter-output>
          </reporter-output>
        </test-method> <!-- setUp -->
        <test-method signature="testLoginPageFactory()[pri:0, instance:tests.LoginTest@4d5d943d]" started-at="2026-04-14T18:49:35 IST" name="testLoginPageFactory" finished-at="2026-04-14T18:49:35 IST" duration-ms="421" status="PASS">
          <reporter-output>
          </reporter-output>
        </test-method> <!-- testLoginPageFactory -->
        <test-method is-config="true" signature="tearDown(org.testng.ITestResult)[pri:0, instance:tests.LoginTest@4d5d943d]" started-at="2026-04-14T18:49:35 IST" name="tearDown" finished-at="2026-04-14T18:49:36 IST" duration-ms="1292" status="PASS">
          <params>
            <param index="0">
              <value>
                <![CDATA[[TestResult name=testLoginPageFactory status=SUCCESS method=LoginTest.testLoginPageFactory()[pri:0, instance:tests.LoginTest@4d5d943d] output={null}]]]>
              </value>
            </param>
          </params>
          <reporter-output>
          </reporter-output>
        </test-method> <!-- tearDown -->
        <test-method is-config="true" signature="generateReport()[pri:0, instance:tests.LoginTest@4d5d943d]" started-at="2026-04-14T18:49:56 IST" name="generateReport" finished-at="2026-04-14T18:49:56 IST" duration-ms="239" status="PASS">
          <reporter-output>
          </reporter-output>
        </test-method> <!-- generateReport -->
      </class> <!-- tests.LoginTest -->
      <class name="tests.TC2">
        <test-method is-config="true" signature="setUp()[pri:0, instance:tests.TC2@71d44a3]" started-at="2026-04-14T18:49:36 IST" name="setUp" finished-at="2026-04-14T18:49:40 IST" duration-ms="3804" status="PASS">
          <reporter-output>
          </reporter-output>
        </test-method> <!-- setUp -->
        <test-method signature="testFullFlowPageFactory()[pri:0, instance:tests.TC2@71d44a3]" started-at="2026-04-14T18:49:40 IST" name="testFullFlowPageFactory" finished-at="2026-04-14T18:49:41 IST" duration-ms="671" status="PASS">
          <reporter-output>
          </reporter-output>
        </test-method> <!-- testFullFlowPageFactory -->
        <test-method is-config="true" signature="tearDown(org.testng.ITestResult)[pri:0, instance:tests.TC2@71d44a3]" started-at="2026-04-14T18:49:41 IST" name="tearDown" finished-at="2026-04-14T18:49:42 IST" duration-ms="1297" status="PASS">
          <params>
            <param index="0">
              <value>
                <![CDATA[[TestResult name=testFullFlowPageFactory status=SUCCESS method=TC2.testFullFlowPageFactory()[pri:0, instance:tests.TC2@71d44a3] output={null}]]]>
              </value>
            </param>
          </params>
          <reporter-output>
          </reporter-output>
        </test-method> <!-- tearDown -->
      </class> <!-- tests.TC2 -->
      <class name="tests.TC3">
        <test-method is-config="true" signature="setUp()[pri:0, instance:tests.TC3@7b98f307]" started-at="2026-04-14T18:49:42 IST" name="setUp" finished-at="2026-04-14T18:49:46 IST" duration-ms="3779" status="PASS">
          <reporter-output>
          </reporter-output>
        </test-method> <!-- setUp -->
        <test-method signature="testFullCheckoutFlowPageFactory()[pri:0, instance:tests.TC3@7b98f307]" started-at="2026-04-14T18:49:46 IST" name="testFullCheckoutFlowPageFactory" finished-at="2026-04-14T18:49:47 IST" duration-ms="1261" status="PASS">
          <reporter-output>
          </reporter-output>
        </test-method> <!-- testFullCheckoutFlowPageFactory -->
        <test-method is-config="true" signature="tearDown(org.testng.ITestResult)[pri:0, instance:tests.TC3@7b98f307]" started-at="2026-04-14T18:49:47 IST" name="tearDown" finished-at="2026-04-14T18:49:48 IST" duration-ms="1204" status="PASS">
          <params>
            <param index="0">
              <value>
                <![CDATA[[TestResult name=testFullCheckoutFlowPageFactory status=SUCCESS method=TC3.testFullCheckoutFlowPageFactory()[pri:0, instance:tests.TC3@7b98f307] output={null}]]]>
              </value>
            </param>
          </params>
          <reporter-output>
          </reporter-output>
        </test-method> <!-- tearDown -->
      </class> <!-- tests.TC3 -->
      <class name="tests.TC4">
        <test-method is-config="true" signature="setUp()[pri:0, instance:tests.TC4@4802796d]" started-at="2026-04-14T18:49:48 IST" name="setUp" finished-at="2026-04-14T18:49:52 IST" duration-ms="3574" status="PASS">
          <reporter-output>
          </reporter-output>
        </test-method> <!-- setUp -->
        <test-method signature="testFullCheckoutFlow()[pri:0, instance:tests.TC4@4802796d]" started-at="2026-04-14T18:49:52 IST" name="testFullCheckoutFlow" finished-at="2026-04-14T18:49:55 IST" duration-ms="3184" status="PASS">
          <reporter-output>
          </reporter-output>
        </test-method> <!-- testFullCheckoutFlow -->
        <test-method is-config="true" signature="tearDown(org.testng.ITestResult)[pri:0, instance:tests.TC4@4802796d]" started-at="2026-04-14T18:49:55 IST" name="tearDown" finished-at="2026-04-14T18:49:56 IST" duration-ms="1014" status="PASS">
          <params>
            <param index="0">
              <value>
                <![CDATA[[TestResult name=testFullCheckoutFlow status=SUCCESS method=TC4.testFullCheckoutFlow()[pri:0, instance:tests.TC4@4802796d] output={null}]]]>
              </value>
            </param>
          </params>
          <reporter-output>
          </reporter-output>
        </test-method> <!-- tearDown -->
      </class> <!-- tests.TC4 -->
    </test> <!-- FirefoxTest -->
  </suite> <!-- SauceDemoSuite -->
</testng-results>
