<?xml version="1.0" encoding="UTF-8"?>
<testng-results ignored="0" total="4" passed="4" failed="0" skipped="0">
  <reporter-output>
  </reporter-output>
  <suite started-at="2026-04-14T18:47:56 IST" name="SauceDemoSuite" finished-at="2026-04-14T18:48:25 IST" duration-ms="29355">
    <groups>
    </groups>
    <test started-at="2026-04-14T18:47:56 IST" name="FirefoxTest" finished-at="2026-04-14T18:48:25 IST" duration-ms="29355">
      <class name="tests.LoginTest">
        <test-method is-config="true" signature="setUp()[pri:0, instance:tests.LoginTest@544fa968]" started-at="2026-04-14T18:47:56 IST" name="setUp" finished-at="2026-04-14T18:48:04 IST" duration-ms="8085" status="PASS">
          <reporter-output>
          </reporter-output>
        </test-method> <!-- setUp -->
        <test-method signature="testLoginPageFactory()[pri:0, instance:tests.LoginTest@544fa968]" started-at="2026-04-14T18:48:04 IST" name="testLoginPageFactory" finished-at="2026-04-14T18:48:04 IST" duration-ms="406" status="PASS">
          <reporter-output>
          </reporter-output>
        </test-method> <!-- testLoginPageFactory -->
        <test-method is-config="true" signature="tearDown(org.testng.ITestResult)[pri:0, instance:tests.LoginTest@544fa968]" started-at="2026-04-14T18:48:04 IST" name="tearDown" finished-at="2026-04-14T18:48:06 IST" duration-ms="1386" status="PASS">
          <params>
            <param index="0">
              <value>
                <![CDATA[[TestResult name=testLoginPageFactory status=SUCCESS method=LoginTest.testLoginPageFactory()[pri:0, instance:tests.LoginTest@544fa968] output={null}]]]>
              </value>
            </param>
          </params>
          <reporter-output>
          </reporter-output>
        </test-method> <!-- tearDown -->
        <test-method is-config="true" signature="generateReport()[pri:0, instance:tests.LoginTest@544fa968]" started-at="2026-04-14T18:48:25 IST" name="generateReport" finished-at="2026-04-14T18:48:25 IST" duration-ms="257" status="PASS">
          <reporter-output>
          </reporter-output>
        </test-method> <!-- generateReport -->
      </class> <!-- tests.LoginTest -->
      <class name="tests.TC2">
        <test-method is-config="true" signature="setUp()[pri:0, instance:tests.TC2@20d525]" started-at="2026-04-14T18:48:06 IST" name="setUp" finished-at="2026-04-14T18:48:09 IST" duration-ms="3508" status="PASS">
          <reporter-output>
          </reporter-output>
        </test-method> <!-- setUp -->
        <test-method signature="testFullFlowPageFactory()[pri:0, instance:tests.TC2@20d525]" started-at="2026-04-14T18:48:09 IST" name="testFullFlowPageFactory" finished-at="2026-04-14T18:48:10 IST" duration-ms="768" status="PASS">
          <reporter-output>
          </reporter-output>
        </test-method> <!-- testFullFlowPageFactory -->
        <test-method is-config="true" signature="tearDown(org.testng.ITestResult)[pri:0, instance:tests.TC2@20d525]" started-at="2026-04-14T18:48:10 IST" name="tearDown" finished-at="2026-04-14T18:48:11 IST" duration-ms="1193" status="PASS">
          <params>
            <param index="0">
              <value>
                <![CDATA[[TestResult name=testFullFlowPageFactory status=SUCCESS method=TC2.testFullFlowPageFactory()[pri:0, instance:tests.TC2@20d525] output={null}]]]>
              </value>
            </param>
          </params>
          <reporter-output>
          </reporter-output>
        </test-method> <!-- tearDown -->
      </class> <!-- tests.TC2 -->
      <class name="tests.TC3">
        <test-method is-config="true" signature="setUp()[pri:0, instance:tests.TC3@6200f9cb]" started-at="2026-04-14T18:48:11 IST" name="setUp" finished-at="2026-04-14T18:48:15 IST" duration-ms="3621" status="PASS">
          <reporter-output>
          </reporter-output>
        </test-method> <!-- setUp -->
        <test-method signature="testFullCheckoutFlowPageFactory()[pri:0, instance:tests.TC3@6200f9cb]" started-at="2026-04-14T18:48:15 IST" name="testFullCheckoutFlowPageFactory" finished-at="2026-04-14T18:48:16 IST" duration-ms="1215" status="PASS">
          <reporter-output>
          </reporter-output>
        </test-method> <!-- testFullCheckoutFlowPageFactory -->
        <test-method is-config="true" signature="tearDown(org.testng.ITestResult)[pri:0, instance:tests.TC3@6200f9cb]" started-at="2026-04-14T18:48:16 IST" name="tearDown" finished-at="2026-04-14T18:48:17 IST" duration-ms="1318" status="PASS">
          <params>
            <param index="0">
              <value>
                <![CDATA[[TestResult name=testFullCheckoutFlowPageFactory status=SUCCESS method=TC3.testFullCheckoutFlowPageFactory()[pri:0, instance:tests.TC3@6200f9cb] output={null}]]]>
              </value>
            </param>
          </params>
          <reporter-output>
          </reporter-output>
        </test-method> <!-- tearDown -->
      </class> <!-- tests.TC3 -->
      <class name="tests.TC4">
        <test-method is-config="true" signature="setUp()[pri:0, instance:tests.TC4@2002fc1d]" started-at="2026-04-14T18:48:17 IST" name="setUp" finished-at="2026-04-14T18:48:21 IST" duration-ms="3501" status="PASS">
          <reporter-output>
          </reporter-output>
        </test-method> <!-- setUp -->
        <test-method signature="testFullCheckoutFlow()[pri:0, instance:tests.TC4@2002fc1d]" started-at="2026-04-14T18:48:21 IST" name="testFullCheckoutFlow" finished-at="2026-04-14T18:48:24 IST" duration-ms="3256" status="PASS">
          <reporter-output>
          </reporter-output>
        </test-method> <!-- testFullCheckoutFlow -->
        <test-method is-config="true" signature="tearDown(org.testng.ITestResult)[pri:0, instance:tests.TC4@2002fc1d]" started-at="2026-04-14T18:48:24 IST" name="tearDown" finished-at="2026-04-14T18:48:25 IST" duration-ms="1029" status="PASS">
          <params>
            <param index="0">
              <value>
                <![CDATA[[TestResult name=testFullCheckoutFlow status=SUCCESS method=TC4.testFullCheckoutFlow()[pri:0, instance:tests.TC4@2002fc1d] output={null}]]]>
              </value>
            </param>
          </params>
          <reporter-output>
          </reporter-output>
        </test-method> <!-- tearDown -->
      </class> <!-- tests.TC4 -->
    </test> <!-- FirefoxTest -->
  </suite> <!-- SauceDemoSuite -->
</testng-results>
